2026-03-01 23:44:25 +0000 [MT] Initial pipeline context: <IDEDistributionProcessingPipelineContext: 0x937ce8900; archive(resolved)="<IDEArchive: 0x937c37480>", distributionTask(resolved)="2", distributionDestination(resolved)="1", distributionMethod(resolved)="<IDEDistributionMethodDevelopmentSigned: 0x937db0120>", team(resolved)="<IDEProvisioningBasicTeam: 0x937dcc0e0; teamID='83DB5W93C4', teamName='Tăbîrcă Nicolae-Eduard'>">
	Chain (14, self inclusive):
	<IDEDistributionProcessingPipelineContext: 0x937ce8900; archive = "<IDEArchive: 0x937c37480>", distributionMethod="<IDEDistributionMethodDevelopmentSigned: 0x937db0120>", team="<IDEProvisioningBasicTeam: 0x937dcc0e0; teamID='83DB5W93C4', teamName='Tăbîrcă Nicolae-Eduard'>">
	<IDEDistributionProcessingPipelineContext: 0x937ce8000; archive = "<IDEArchive: 0x937c37480>", distributionMethod="<IDEDistributionMethodDevelopmentSigned: 0x937db0120>", team="<IDEProvisioningBasicTeam: 0x937dcc0e0; teamID='83DB5W93C4', teamName='Tăbîrcă Nicolae-Eduard'>">
	<IDEDistributionContext: 0x935ec6300; archive = "<IDEArchive: 0x937c37480>", distributionMethod="<IDEDistributionMethodDevelopmentSigned: 0x937db0120>", team="<IDEProvisioningBasicTeam: 0x937dcc0e0; teamID='83DB5W93C4', teamName='Tăbîrcă Nicolae-Eduard'>">
	<IDEDistributionContext: 0x935ec5400; archive = "<IDEArchive: 0x937c37480>", distributionMethod="<IDEDistributionMethodDevelopmentSigned: 0x937db0120>", team="<IDEProvisioningBasicTeam: 0x937dcc0e0; teamID='83DB5W93C4', teamName='Tăbîrcă Nicolae-Eduard'>">
	<IDEDistributionContext: 0x935ec5180; archive = "<IDEArchive: 0x937c37480>", distributionMethod="<IDEDistributionMethodDevelopmentSigned: 0x937db0120>", team="<IDEProvisioningBasicTeam: 0x937dcc0e0; teamID='83DB5W93C4', teamName='Tăbîrcă Nicolae-Eduard'>">
	<IDEDistributionContext: 0x935ec4f00; archive = "<IDEArchive: 0x937c37480>", distributionMethod="<IDEDistributionMethodDevelopmentSigned: 0x937db0120>", team="<IDEProvisioningBasicTeam: 0x937dcc0e0; teamID='83DB5W93C4', teamName='Tăbîrcă Nicolae-Eduard'>">
	<IDEDistributionContext: 0x935ec4c80; archive = "<IDEArchive: 0x937c37480>", distributionMethod="<IDEDistributionMethodDevelopmentSigned: 0x937db0120>", team="<IDEProvisioningBasicTeam: 0x937dcc0e0; teamID='83DB5W93C4', teamName='Tăbîrcă Nicolae-Eduard'>">
	<IDEDistributionContext: 0x935ec4a00; archive = "<IDEArchive: 0x937c37480>", distributionMethod="<IDEDistributionMethodDevelopmentSigned: 0x937db0120>", team="<IDEProvisioningBasicTeam: 0x937dcc0e0; teamID='83DB5W93C4', teamName='Tăbîrcă Nicolae-Eduard'>">
	<IDEDistributionContext: 0x935ec4780; archive = "<IDEArchive: 0x937c37480>", distributionMethod="<IDEDistributionMethodDevelopmentSigned: 0x937db0120>", team="<IDEProvisioningBasicTeam: 0x937dcc0e0; teamID='83DB5W93C4', teamName='Tăbîrcă Nicolae-Eduard'>">
	<IDEDistributionContext: 0x935ec4500; archive = "<IDEArchive: 0x937c37480>", distributionMethod="<IDEDistributionMethodDevelopmentSigned: 0x937db0120>", team="(null)">
	<IDEDistributionContext: 0x935ec4280; archive = "<IDEArchive: 0x937c37480>", distributionMethod="<IDEDistributionMethodDevelopmentSigned: 0x937db0120>", team="(null)">
	<IDEDistributionContext: 0x935ec4000; archive = "<IDEArchive: 0x937c37480>", distributionMethod="<IDEDistributionMethodDevelopmentSigned: 0x937db0120>", team="(null)">
	<IDEDistributionContext: 0x1014ac6d0; archive = "<IDEArchive: 0x937c37480>", distributionMethod="<IDEDistributionMethodDevelopmentSigned: 0x937db0120>", team="(null)">
	<IDEDistributionContext: 0x1014aa5d0; archive = "<IDEArchive: 0x937c37480>", distributionMethod="(null)", team="(null)">
</IDEDistributionProcessingPipelineContext: 0x937ce8900>
2026-03-01 23:44:25 +0000 [MT] Processing step: IDEDistributionCreateDestRootStep
2026-03-01 23:44:25 +0000 [MT] Processing step: IDEDistributionCopyItemStep
2026-03-01 23:44:25 +0000 [MT] Running /usr/bin/ditto '-V' '/Users/iediot/XCode/Tasks/build/Tasks.xcarchive/Products/Applications/Tasks.app' '/var/folders/0p/z67039js3y58lqmyr078vg6r0000gn/T/XcodeDistPipeline.~~~06O3PX/Root/Payload/Tasks.app'
2026-03-01 23:44:25 +0000  >>> Copying /Users/iediot/XCode/Tasks/build/Tasks.xcarchive/Products/Applications/Tasks.app 
2026-03-01 23:44:25 +0000  copying file ./_CodeSignature/CodeResources ... 
2026-03-01 23:44:25 +0000  2775 bytes for ./_CodeSignature/CodeResources
2026-03-01 23:44:25 +0000  copying file ./Tasks ... 
2026-03-01 23:44:25 +0000  145872 bytes for ./Tasks
2026-03-01 23:44:25 +0000  copying file ./AppIcon60x60@2x.png ... 
2026-03-01 23:44:25 +0000  2907 bytes for ./AppIcon60x60@2x.png
2026-03-01 23:44:25 +0000  copying file ./Assets.car ... 
2026-03-01 23:44:25 +0000  243448 bytes for ./Assets.car
2026-03-01 23:44:25 +0000  copying file ./AppIcon76x76@2x~ipad.png ... 
2026-03-01 23:44:25 +0000  3596 bytes for ./AppIcon76x76@2x~ipad.png
2026-03-01 23:44:25 +0000  copying file ./embedded.mobileprovision ... 
2026-03-01 23:44:25 +0000  16348 bytes for ./embedded.mobileprovision
2026-03-01 23:44:25 +0000  copying file ./Info.plist ... 
2026-03-01 23:44:25 +0000  1463 bytes for ./Info.plist
2026-03-01 23:44:25 +0000  copying file ./PkgInfo ... 
2026-03-01 23:44:25 +0000  8 bytes for ./PkgInfo
2026-03-01 23:44:25 +0000 [MT] /usr/bin/ditto exited with 0
2026-03-01 23:44:25 +0000 [MT] Processing step: IDEDistributionEmbedProfileStep
2026-03-01 23:44:25 +0000 [MT] Processing step: IDEDistributionInfoPlistStep
2026-03-01 23:44:25 +0000 [MT] Skipping step: IDEDistributionInfoPlistStep because it said so
2026-03-01 23:44:25 +0000 [MT] Processing step: IDEDistributionAppThinningPlistStep
2026-03-01 23:44:25 +0000 [MT] Skipping step: IDEDistributionAppThinningPlistStep because it said so
2026-03-01 23:44:25 +0000 [MT] Processing step: IDEDistributionSymbolsStep
2026-03-01 23:44:25 +0000 [MT] Skipping step: IDEDistributionSymbolsStep because it said so
2026-03-01 23:44:25 +0000 [MT] Processing step: IDEDistributionAppThinningStep
2026-03-01 23:44:25 +0000 [MT] Skipping step: IDEDistributionAppThinningStep because it said so
2026-03-01 23:44:25 +0000 [MT] Processing step: IDEDistributionArchThinningStep
2026-03-01 23:44:25 +0000 [MT] Archs to thin for item /Users/iediot/XCode/Tasks/build/Tasks.xcarchive/Products/Applications/Tasks.app are []
2026-03-01 23:44:25 +0000 [MT] Processing step: IDEDistributionODRStep
2026-03-01 23:44:25 +0000 [MT] Processing step: IDEDistributionStripXattrsStep
2026-03-01 23:44:25 +0000 [MT] Skipping stripping extended attributes because the codesign step will strip them.
2026-03-01 23:44:25 +0000 [MT] Processing step: IDEDistributionCodesignStep
2026-03-01 23:44:25 +0000 [MT] Entitlements for <IDEDistributionItem: 0x937d253e0; bundleID='iediot.Tasks', path='<DVTFilePath:0x937c6fa80:'/Users/iediot/XCode/Tasks/build/Tasks.xcarchive/Products/Applications/Tasks.app'>', codeSigningInfo='<_DVTCodeSigningInformation_Path: 0x937d25380; isSigned='1', isAdHocSigned='0', signingCertificate='<DVTSigningCertificate: 0x935e78600; name='Apple Development: eduardnicolae092@gmail.com (Y49ZS9K5UL)', hash='48AA75874FD565B37BA7361ED1E332A14BF57CFD', serialNumber='7982CE3890DFE704C198DF0104287026', certificateKinds='(
    "1.2.840.113635.100.6.1.12",
    "1.2.840.113635.100.6.1.2"
), issueDate='2026-02-28 09:04:22 +0000''>', entitlements='{
    "application-identifier" = "83DB5W93C4.iediot.Tasks";
    "com.apple.developer.team-identifier" = 83DB5W93C4;
    "get-task-allow" = 1;
}', teamID='83DB5W93C4', identifier='iediot.Tasks', executablePath='<DVTFilePath:0x937d24cc0:'/Users/iediot/XCode/Tasks/build/Tasks.xcarchive/Products/Applications/Tasks.app/Tasks'>', hardenedRuntime='1'>'>: {
    "application-identifier" = "83DB5W93C4.iediot.Tasks";
    "com.apple.developer.team-identifier" = 83DB5W93C4;
    "get-task-allow" = 1;
}
2026-03-01 23:44:25 +0000 [MT] Associated App Clip Identifiers Filter: Skipping because "com.apple.developer.associated-appclip-app-identifiers" is not present
2026-03-01 23:44:25 +0000 [MT] Entitlements for <IDEDistributionItem: 0x937d253e0; bundleID='iediot.Tasks', path='<DVTFilePath:0x937c6fa80:'/Users/iediot/XCode/Tasks/build/Tasks.xcarchive/Products/Applications/Tasks.app'>', codeSigningInfo='<_DVTCodeSigningInformation_Path: 0x937d25380; isSigned='1', isAdHocSigned='0', signingCertificate='<DVTSigningCertificate: 0x935e78300; name='Apple Development: eduardnicolae092@gmail.com (Y49ZS9K5UL)', hash='48AA75874FD565B37BA7361ED1E332A14BF57CFD', serialNumber='7982CE3890DFE704C198DF0104287026', certificateKinds='(
    "1.2.840.113635.100.6.1.12",
    "1.2.840.113635.100.6.1.2"
), issueDate='2026-02-28 09:04:22 +0000''>', entitlements='{
    "application-identifier" = "83DB5W93C4.iediot.Tasks";
    "com.apple.developer.team-identifier" = 83DB5W93C4;
    "get-task-allow" = 1;
}', teamID='83DB5W93C4', identifier='iediot.Tasks', executablePath='<DVTFilePath:0x937d24cc0:'/Users/iediot/XCode/Tasks/build/Tasks.xcarchive/Products/Applications/Tasks.app/Tasks'>', hardenedRuntime='1'>'> are: {
    "application-identifier" = "83DB5W93C4.iediot.Tasks";
    "com.apple.developer.team-identifier" = 83DB5W93C4;
    "get-task-allow" = 1;
}
2026-03-01 23:44:25 +0000 [MT] Writing entitlements for <IDEDistributionItem: 0x937d253e0; bundleID='iediot.Tasks', path='<DVTFilePath:0x937c6fa80:'/Users/iediot/XCode/Tasks/build/Tasks.xcarchive/Products/Applications/Tasks.app'>', codeSigningInfo='<_DVTCodeSigningInformation_Path: 0x937d25380; isSigned='1', isAdHocSigned='0', signingCertificate='<DVTSigningCertificate: 0x935e78300; name='Apple Development: eduardnicolae092@gmail.com (Y49ZS9K5UL)', hash='48AA75874FD565B37BA7361ED1E332A14BF57CFD', serialNumber='7982CE3890DFE704C198DF0104287026', certificateKinds='(
    "1.2.840.113635.100.6.1.12",
    "1.2.840.113635.100.6.1.2"
), issueDate='2026-02-28 09:04:22 +0000''>', entitlements='{
    "application-identifier" = "83DB5W93C4.iediot.Tasks";
    "com.apple.developer.team-identifier" = 83DB5W93C4;
    "get-task-allow" = 1;
}', teamID='83DB5W93C4', identifier='iediot.Tasks', executablePath='<DVTFilePath:0x937d24cc0:'/Users/iediot/XCode/Tasks/build/Tasks.xcarchive/Products/Applications/Tasks.app/Tasks'>', hardenedRuntime='1'>'> to: /var/folders/0p/z67039js3y58lqmyr078vg6r0000gn/T/XcodeDistPipeline.~~~06O3PX/entitlements~~~XNMjQ0
2026-03-01 23:44:25 +0000 [MT] invoking codesign: <NSConcreteTask: 0x935f572a0; launchPath='/usr/bin/codesign', arguments='(
    "-f",
    "-s",
    48AA75874FD565B37BA7361ED1E332A14BF57CFD,
    "--entitlements",
    "/var/folders/0p/z67039js3y58lqmyr078vg6r0000gn/T/XcodeDistPipeline.~~~06O3PX/entitlements~~~XNMjQ0",
    "--preserve-metadata=identifier,flags,runtime,launch-constraints,library-constraints",
    "--generate-entitlement-der",
    "--strip-disallowed-xattrs",
    "-vvv",
    "/var/folders/0p/z67039js3y58lqmyr078vg6r0000gn/T/XcodeDistPipeline.~~~06O3PX/Root/Payload/Tasks.app"
)'>
2026-03-01 23:44:36 +0000 [MT] codesign output: /var/folders/0p/z67039js3y58lqmyr078vg6r0000gn/T/XcodeDistPipeline.~~~06O3PX/Root/Payload/Tasks.app: replacing existing signature
/var/folders/0p/z67039js3y58lqmyr078vg6r0000gn/T/XcodeDistPipeline.~~~06O3PX/Root/Payload/Tasks.app: signed app bundle with Mach-O thin (arm64) [iediot.Tasks]
2026-03-01 23:44:36 +0000 [MT] Processing step: IDEDistributionZipODRItemStep
2026-03-01 23:44:36 +0000 [MT] Skipping step: IDEDistributionZipODRItemStep because it said so
2026-03-01 23:44:36 +0000 [MT] Processing step: IDEDistributionCreateIPAStep
2026-03-01 23:44:36 +0000 [MT] Running /usr/bin/ditto '-V' '-c' '-k' '--norsrc' '/var/folders/0p/z67039js3y58lqmyr078vg6r0000gn/T/XcodeDistPipeline.~~~06O3PX/Root' '/var/folders/0p/z67039js3y58lqmyr078vg6r0000gn/T/XcodeDistPipeline.~~~06O3PX/Packages/Tasks.ipa'
2026-03-01 23:44:36 +0000  >>> Copying /var/folders/0p/z67039js3y58lqmyr078vg6r0000gn/T/XcodeDistPipeline.~~~06O3PX/Root 
2026-03-01 23:44:36 +0000  copying file ./Payload/Tasks.app/_CodeSignature/CodeResources ... 
2026-03-01 23:44:36 +0000  2775 bytes for ./Payload/Tasks.app/_CodeSignature/CodeResources
2026-03-01 23:44:36 +0000  copying file ./Payload/Tasks.app/Tasks ... 
2026-03-01 23:44:36 +0000  145872 bytes for ./Payload/Tasks.app/Tasks
2026-03-01 23:44:36 +0000  copying file ./Payload/Tasks.app/AppIcon60x60@2x.png ... 
2026-03-01 23:44:36 +0000  2907 bytes for ./Payload/Tasks.app/AppIcon60x60@2x.png
2026-03-01 23:44:36 +0000  copying file ./Payload/Tasks.app/Assets.car ... 
2026-03-01 23:44:36 +0000  243448 bytes for ./Payload/Tasks.app/Assets.car
2026-03-01 23:44:36 +0000  copying file ./Payload/Tasks.app/AppIcon76x76@2x~ipad.png ... 
2026-03-01 23:44:36 +0000  3596 bytes for ./Payload/Tasks.app/AppIcon76x76@2x~ipad.png
2026-03-01 23:44:36 +0000  copying file ./Payload/Tasks.app/embedded.mobileprovision ... 
2026-03-01 23:44:36 +0000  16348 bytes for ./Payload/Tasks.app/embedded.mobileprovision
2026-03-01 23:44:36 +0000  copying file ./Payload/Tasks.app/Info.plist ... 
2026-03-01 23:44:36 +0000  1463 bytes for ./Payload/Tasks.app/Info.plist
2026-03-01 23:44:36 +0000  copying file ./Payload/Tasks.app/PkgInfo ... 
2026-03-01 23:44:36 +0000  8 bytes for ./Payload/Tasks.app/PkgInfo
2026-03-01 23:44:36 +0000 [MT] /usr/bin/ditto exited with 0
2026-03-01 23:44:36 +0000 [MT] Processing step: IDEDistributionAppStoreInformationStep
2026-03-01 23:44:36 +0000 [MT] Skipping step: IDEDistributionAppStoreInformationStep because it said so
2026-03-01 23:44:36 +0000 [MT] Processing step: IDEDistributionGenerateProcessedDistributionItems
2026-03-01 23:44:36 +0000 [MT] IDEDistributionItem init <DVTFilePath:0x937f10780:'/var/folders/0p/z67039js3y58lqmyr078vg6r0000gn/T/XcodeDistPipeline.~~~06O3PX/Root/Payload/Tasks.app'>
2026-03-01 23:44:36 +0000 [MT] Processing step: IDEDistributionCreateManifestStep
